#-----------------------------------------------------------
# xsim v2022.2 (64-bit)
# SW Build 3671981 on Fri Oct 14 04:59:54 MDT 2022
# IP Build 3669848 on Fri Oct 14 08:30:02 MDT 2022
# Start of session at: Sat Apr 29 10:53:54 2023
# Process ID: 18198
# Current directory: /home/khei4/git/myveri
# Command line: xsim -mode tcl -source {xsim.dir/test_popcount.sim/xsim_script.tcl}
# Log file: /home/khei4/git/myveri/xsim.log
# Journal file: /home/khei4/git/myveri/xsim.jou
# Running On: cad000, OS: Linux, CPU Frequency: 1996.156 MHz, CPU Physical cores: 32, Host memory: 540416 MB
#-----------------------------------------------------------
source xsim.dir/test_popcount.sim/xsim_script.tcl
# xsim {test_popcount.sim} -autoloadwcfg -runall
Time resolution is 100 ps
run -all
############# start of checking module popcount ##########
(clocks, ans) : ( 1, z)
(clocks, ans) : ( 2, z)
(clocks, ans) : ( 3, z)
(clocks, ans) : ( 4, z)
###### end of checking module popcount ######
$finish called at time : 80 ns : File "/home/khei4/git/myveri/test_popcount.sv" Line 24
exit
INFO: [Common 17-206] Exiting xsim at Sat Apr 29 10:53:57 2023...
